This file contains any messages produced by compilers while
running configure, to aid debugging if configure makes a mistake.

configure:560: checking for a BSD compatible install
configure:613: checking whether build environment is sane
configure:670: checking whether make sets ${MAKE}
configure:716: checking for working aclocal
configure:729: checking for working autoconf
configure:742: checking for working automake
configure:755: checking for working autoheader
configure:768: checking for working makeinfo
configure:789: checking for gcc
configure:902: checking whether the C compiler (gcc  ) works
configure:918: gcc -o conftest    conftest.c  1>&5
configure:944: checking whether the C compiler (gcc  ) is a cross-compiler
configure:949: checking whether we are using GNU C
configure:977: checking whether gcc accepts -g
configure:1010: checking for strerror in -lcposix
configure:1053: checking how to run the C preprocessor
configure:1136: checking for unistd.h
configure:1136: checking for locale.h
configure:1136: checking for termios.h
configure:1136: checking for linux/termios.h
configure:1136: checking for sys/ioctl.h
configure:1190: checking for initscr in -lcurses
configure:1232: checking for ncurses.h
configure:1296: checking for xml2-config
configure:1331: checking for xmlNewDowc in -lxml2
configure:1350: gcc -o conftest -g -O2   conftest.c -lxml2   -lcurses 1>&5
/tmp/cccHsEfS.o: In function `main':
/home/ivan/src/home/pwman/configure:1346: undefined reference to `xmlNewDowc'
collect2: ld returned 1 exit status
configure: failed program was:
#line 1339 "configure"
#include "confdefs.h"
/* Override any gcc2 internal prototype to avoid an error.  */
/* We use char because int might match the return type of a gcc2
    builtin and then its argument prototype would still apply.  */
char xmlNewDowc();

int main() {
xmlNewDowc()
; return 0; }
